2.85692,200
2.73348,400
2.51815,600
2.31571,800
2.15168,1000
2.02746,1200
1.8881,1400
1.8019,1600
1.68912,1800
1.63922,2000
1.58259,2200
1.49463,2400
1.46943,2600
1.43822,2800
1.39308,3000
1.3608,3200
1.3536,3400
1.33198,3600
1.31164,3800
1.31495,4000
1.27961,4200
1.27524,4400
1.26085,4600
1.26002,4800
1.225,5000
1.22841,5200
1.21682,5400
1.2463,5600
1.20288,5800
1.21823,6000
1.21349,6200
1.2325,6400
1.21268,6600
1.22958,6800
1.21814,7000
1.23172,7200
1.23871,7400
1.24728,7600
1.20966,7800
1.22827,8000
1.1987,8200
1.21499,8400
1.23846,8600
1.22876,8800
1.23214,9000
1.25413,9200
1.2324,9400
1.23932,9600
1.27009,9800
1.24421,10000
1.24995,10200
1.23994,10400
1.27181,10600
1.26787,10800
1.24327,11000
1.27299,11200
1.27542,11400
1.23744,11600
1.23375,11800
