2.76367,200
2.71768,400
2.49155,600
2.31573,800
2.10115,1000
1.99438,1200
1.85741,1400
1.77476,1600
1.68733,1800
1.6123,2000
1.58416,2200
1.48843,2400
1.4456,2600
1.43338,2800
1.38712,3000
1.35147,3200
1.32514,3400
1.33229,3600
1.30161,3800
1.32579,4000
1.26602,4200
1.27516,4400
1.27095,4600
1.24958,4800
1.23127,5000
1.23928,5200
1.20211,5400
1.23025,5600
1.21276,5800
1.21467,6000
1.20368,6200
1.22625,6400
1.20817,6600
1.21702,6800
1.2025,7000
1.23126,7200
1.23565,7400
1.25789,7600
1.20676,7800
1.2105,8000
1.20727,8200
1.2312,8400
1.21297,8600
1.21647,8800
1.19868,9000
1.26313,9200
1.24489,9400
1.23841,9600
1.26681,9800
1.23972,10000
1.28063,10200
1.22906,10400
1.26076,10600
1.21917,10800
1.21532,11000
1.25384,11200
1.27108,11400
1.25451,11600
1.22427,11800
