447285.0,200
56101.3,400
21962.6,600
18104.3,800
12898.8,1000
9744.46,1200
6891.04,1400
8259.14,1600
6029.87,1800
6578.72,2000
5720.57,2200
7708.71,2400
4340.04,2600
5025.0,2800
3988.48,3000
3376.18,3200
4087.75,3400
3458.84,3600
3822.79,3800
3366.23,4000
3423.29,4200
3560.0,4400
3197.54,4600
3955.83,4800
3040.79,5000
3373.19,5200
3063.88,5400
2789.05,5600
3058.41,5800
2845.66,6000
3057.53,6200
3276.72,6400
2536.41,6600
2871.42,6800
2667.87,7000
3066.2,7200
2415.72,7400
2632.23,7600
2515.01,7800
2447.51,8000
2579.08,8200
2430.52,8400
2984.54,8600
2504.72,8800
2816.17,9000
2388.56,9200
2560.59,9400
2905.21,9600
2361.24,9800
2783.47,10000
2264.95,10200
2304.21,10400
2274.02,10600
2396.68,10800
2378.39,11000
3061.69,11200
2239.66,11400
2381.27,11600
2602.39,11800
2444.81,12000
2293.47,12200
2465.46,12400
2277.97,12600
2622.86,12800
2275.54,13000
2152.2,13200
2519.65,13400
2619.66,13600
2323.79,13800
2380.5,14000
2784.76,14200
2596.4,14400
2467.92,14600
2474.28,14800
2204.93,15000
2286.53,15200
2153.63,15400
2171.17,15600
2459.05,15800
