124648.0,200
13180.0,400
5199.0,600
2327.26,800
2505.5,1000
1886.41,1200
1398.13,1400
1272.22,1600
1259.71,1800
817.856,2000
823.858,2200
884.189,2400
717.18,2600
736.026,2800
692.307,3000
732.467,3200
663.488,3400
639.28,3600
593.372,3800
557.212,4000
527.245,4200
530.095,4400
626.576,4600
557.355,4800
527.485,5000
524.443,5200
489.986,5400
515.797,5600
522.999,5800
495.694,6000
551.396,6200
542.215,6400
504.246,6600
477.596,6800
507.97,7000
496.088,7200
513.674,7400
512.977,7600
500.853,7800
490.49,8000
487.005,8200
473.221,8400
470.623,8600
488.04,8800
498.574,9000
491.793,9200
491.764,9400
502.57,9600
477.339,9800
490.998,10000
470.259,10200
467.164,10400
474.957,10600
509.031,10800
469.847,11000
479.269,11200
510.294,11400
488.701,11600
501.094,11800
489.572,12000
477.127,12200
493.265,12400
503.446,12600
490.203,12800
472.448,13000
478.287,13200
474.423,13400
470.248,13600
455.789,13800
458.598,14000
468.114,14200
460.78,14400
451.678,14600
490.066,14800
484.718,15000
446.879,15200
459.401,15400
466.795,15600
471.594,15800
