2564.77,200
622.91,400
477.278,600
418.771,800
398.075,1000
326.124,1200
322.846,1400
321.689,1600
370.694,1800
397.81,2000
313.617,2200
401.185,2400
336.815,2600
265.704,2800
321.974,3000
254.777,3200
289.692,3400
251.933,3600
248.62,3800
296.633,4000
238.494,4200
327.788,4400
267.398,4600
311.354,4800
302.113,5000
281.23,5200
324.093,5400
259.454,5600
235.44,5800
250.076,6000
337.321,6200
431.085,6400
248.834,6600
218.24,6800
253.138,7000
328.341,7200
226.25,7400
181.398,7600
287.927,7800
436.52,8000
278.273,8200
403.848,8400
217.198,8600
353.342,8800
246.114,9000
361.077,9200
352.886,9400
297.164,9600
301.435,9800
