1589.3,200
691.396,400
351.254,600
281.467,800
318.908,1000
271.826,1200
332.762,1400
346.953,1600
278.104,1800
232.448,2000
341.229,2200
198.307,2400
278.837,2600
270.846,2800
326.756,3000
275.466,3200
211.185,3400
222.867,3600
233.683,3800
249.368,4000
244.771,4200
182.992,4400
232.054,4600
200.442,4800
241.736,5000
210.919,5200
198.526,5400
231.585,5600
165.099,5800
217.424,6000
185.143,6200
232.09,6400
181.665,6600
167.93,6800
217.667,7000
177.608,7200
116.89,7400
154.225,7600
167.112,7800
179.495,8000
180.606,8200
194.645,8400
162.162,8600
197.383,8800
217.283,9000
193.216,9200
245.769,9400
273.504,9600
129.809,9800
